<?xml version="1.0" encoding="UTF-8"?>
<!-- Generated by org.testng.reporters.JUnitReportReporter -->
<testsuite hostname="DeviNavi79" failures="0" tests="1" name="katta.NaveenKatta" time="0.002" errors="0" timestamp="2023-08-01T22:41:55 IST" skipped="0">
  <testcase classname="katta.NaveenKatta" name="Naveen" time="0.002"/>
</testsuite> <!-- katta.NaveenKatta -->
